<?xml version="1.0" encoding="UTF-8"?>
<!-- Generated by org.testng.reporters.JUnitReportReporter -->
<testsuite hostname="DESKTOP-TIO1M0U" failures="0" tests="1" name="todo.OpenBrowser" time="5.281" errors="0" timestamp="2024-05-23T10:33:50 EEST" skipped="0">
  <testcase classname="todo.OpenBrowser" name="LoginWithoutEnteringMail" time="5.281"/>
  <system-out/>
</testsuite> <!-- todo.OpenBrowser -->
